This file contains any messages produced by compilers while
running configure, to aid debugging if configure makes a mistake.

configure:556: checking for a BSD compatible install
configure:609: checking whether build environment is sane
configure:666: checking whether make sets ${MAKE}
configure:712: checking for working aclocal
configure:725: checking for working autoconf
configure:738: checking for working automake
configure:751: checking for working autoheader
configure:764: checking for working makeinfo
configure:785: checking for gcc
configure:898: checking whether the C compiler (gcc  ) works
configure:914: gcc -o conftest    conftest.c  1>&5
configure:940: checking whether the C compiler (gcc  ) is a cross-compiler
configure:945: checking whether we are using GNU C
configure:973: checking whether gcc accepts -g
configure:1008: checking for ranlib
configure:1039: checking for main in -lm
configure:1083: checking for main in -lpthread
configure:1128: checking how to run the C preprocessor
configure:1208: checking for ANSI C header files
configure:1315: checking for float.h
configure:1315: checking for limits.h
configure:1315: checking for stdlib.h
configure:1315: checking for string.h
configure:1315: checking for unistd.h
configure:1354: checking for working const
configure:1429: checking for size_t
configure:1465: checking for 8-bit clean memcmp
configure:1503: checking for memset
configure:1503: checking for pow
configure:1503: checking for sqrt
configure:1503: checking for strchr
configure:1503: checking for strpbrk
configure:1503: checking for strstr
