
========================[ Mar 30, 2015  1:38 PM ]========================
Version 2.2.25 [Feb-01-2011]
Started database file "/genoma/homes/mobyle/softs/ORTHOMCLV1.4/Mar_30/tmp/all.fa"
Formatted 42 sequences in volume 0
SUCCESS: formatted database /genoma/homes/mobyle/softs/ORTHOMCLV1.4/Mar_30/tmp/all.fa

========================[ Mar 30, 2015  1:43 PM ]========================
Version 2.2.25 [Feb-01-2011]
Started database file "/genoma/homes/mobyle/softs/ORTHOMCLV1.4/Mar_30_2/tmp/all.fa"
Formatted 42 sequences in volume 0
SUCCESS: formatted database /genoma/homes/mobyle/softs/ORTHOMCLV1.4/Mar_30_2/tmp/all.fa

========================[ Mar 30, 2015  1:56 PM ]========================
Version 2.2.25 [Feb-01-2011]
Started database file "/genoma/homes/mobyle/softs/ORTHOMCLV1.4/Mar_30_3/tmp/all.fa"
Formatted 42 sequences in volume 0
SUCCESS: formatted database /genoma/homes/mobyle/softs/ORTHOMCLV1.4/Mar_30_3/tmp/all.fa

========================[ Mar 30, 2015  3:09 PM ]========================
Version 2.2.25 [Feb-01-2011]
Started database file "/genoma/homes/mobyle/softs/ORTHOMCLV1.4/Mar_30_5/tmp/all.fa"
Formatted 42 sequences in volume 0
SUCCESS: formatted database /genoma/homes/mobyle/softs/ORTHOMCLV1.4/Mar_30_5/tmp/all.fa
